<?xml version="1.0" encoding="UTF-8"?>
<testng-results skipped="0" failed="1" ignored="0" total="3" passed="2">
  <reporter-output>
  </reporter-output>
  <suite name="Regression Suite " duration-ms="20639" started-at="2021-01-23T16:32:45Z" finished-at="2021-01-23T16:33:06Z">
    <groups>
    </groups>
    <test name="Regression suite Stage 1 Tests Scripts " duration-ms="20639" started-at="2021-01-23T16:32:45Z" finished-at="2021-01-23T16:33:06Z">
      <class name="com.company.tests.HomePageTest">
        <test-method status="PASS" signature="setup()[pri:0, instance:com.company.tests.HomePageTest@100fc185]" name="setup" is-config="true" duration-ms="11630" started-at="2021-01-23T16:32:45Z" finished-at="2021-01-23T16:32:57Z">
          <reporter-output>
          </reporter-output>
        </test-method> <!-- setup -->
        <test-method status="PASS" signature="setup()[pri:0, instance:com.company.tests.HomePageTest@100fc185]" name="setup" is-config="true" duration-ms="13175" started-at="2021-01-23T16:32:45Z" finished-at="2021-01-23T16:32:58Z">
          <reporter-output>
          </reporter-output>
        </test-method> <!-- setup -->
        <test-method status="PASS" signature="setup()[pri:0, instance:com.company.tests.HomePageTest@100fc185]" name="setup" is-config="true" duration-ms="14137" started-at="2021-01-23T16:32:45Z" finished-at="2021-01-23T16:32:59Z">
          <reporter-output>
          </reporter-output>
        </test-method> <!-- setup -->
        <test-method status="PASS" signature="checkUserAbleToSearchFlights()[pri:0, instance:com.company.tests.HomePageTest@100fc185]" name="checkUserAbleToSearchFlights" duration-ms="6475" started-at="2021-01-23T16:32:57Z" finished-at="2021-01-23T16:33:03Z">
          <reporter-output>
          </reporter-output>
        </test-method> <!-- checkUserAbleToSearchFlights -->
        <test-method status="FAIL" signature="checkBookingConfirmationAmountEqualToTotalAmount()[pri:0, instance:com.company.tests.HomePageTest@100fc185]" name="checkBookingConfirmationAmountEqualToTotalAmount" duration-ms="5472" started-at="2021-01-23T16:32:58Z" finished-at="2021-01-23T16:33:04Z">
          <exception class="java.lang.AssertionError">
            <message>
              <![CDATA[booking amount at confirmation page isn't same expected [914.76] but found [555]]]>
            </message>
            <full-stacktrace>
              <![CDATA[java.lang.AssertionError: booking amount at confirmation page isn't same expected [914.76] but found [555]
at org.testng.Assert.fail(Assert.java:96)
at org.testng.Assert.failNotEquals(Assert.java:776)
at org.testng.Assert.assertEqualsImpl(Assert.java:137)
at org.testng.Assert.assertEquals(Assert.java:118)
at org.testng.Assert.assertEquals(Assert.java:453)
at com.company.tests.HomePageTest.checkBookingConfirmationAmountEqualToTotalAmount(HomePageTest.java:78)
at sun.reflect.NativeMethodAccessorImpl.invoke0(Native Method)
at sun.reflect.NativeMethodAccessorImpl.invoke(NativeMethodAccessorImpl.java:62)
at sun.reflect.DelegatingMethodAccessorImpl.invoke(DelegatingMethodAccessorImpl.java:43)
at java.lang.reflect.Method.invoke(Method.java:498)
at org.testng.internal.MethodInvocationHelper.invokeMethod(MethodInvocationHelper.java:124)
at org.testng.internal.Invoker.invokeMethod(Invoker.java:583)
at org.testng.internal.Invoker.invokeTestMethod(Invoker.java:719)
at org.testng.internal.Invoker.invokeTestMethods(Invoker.java:989)
at org.testng.internal.TestMethodWorker.invokeTestMethods(TestMethodWorker.java:125)
at org.testng.internal.TestMethodWorker.run(TestMethodWorker.java:109)
at java.util.concurrent.ThreadPoolExecutor.runWorker(ThreadPoolExecutor.java:1149)
at java.util.concurrent.ThreadPoolExecutor$Worker.run(ThreadPoolExecutor.java:624)
at java.lang.Thread.run(Thread.java:748)
]]>
            </full-stacktrace>
          </exception> <!-- java.lang.AssertionError -->
          <reporter-output>
          </reporter-output>
        </test-method> <!-- checkBookingConfirmationAmountEqualToTotalAmount -->
        <test-method status="PASS" signature="checkFlightConfirmationMessage()[pri:0, instance:com.company.tests.HomePageTest@100fc185]" name="checkFlightConfirmationMessage" duration-ms="4153" started-at="2021-01-23T16:32:59Z" finished-at="2021-01-23T16:33:04Z">
          <reporter-output>
          </reporter-output>
        </test-method> <!-- checkFlightConfirmationMessage -->
        <test-method status="PASS" signature="tearDown()[pri:0, instance:com.company.tests.HomePageTest@100fc185]" name="tearDown" is-config="true" duration-ms="2502" started-at="2021-01-23T16:33:03Z" finished-at="2021-01-23T16:33:06Z">
          <reporter-output>
          </reporter-output>
        </test-method> <!-- tearDown -->
        <test-method status="PASS" signature="tearDown()[pri:0, instance:com.company.tests.HomePageTest@100fc185]" name="tearDown" is-config="true" duration-ms="2255" started-at="2021-01-23T16:33:04Z" finished-at="2021-01-23T16:33:06Z">
          <reporter-output>
          </reporter-output>
        </test-method> <!-- tearDown -->
        <test-method status="PASS" signature="tearDown()[pri:0, instance:com.company.tests.HomePageTest@100fc185]" name="tearDown" is-config="true" duration-ms="1911" started-at="2021-01-23T16:33:04Z" finished-at="2021-01-23T16:33:06Z">
          <reporter-output>
          </reporter-output>
        </test-method> <!-- tearDown -->
      </class> <!-- com.company.tests.HomePageTest -->
    </test> <!-- Regression suite Stage 1 Tests Scripts  -->
  </suite> <!-- Regression Suite  -->
</testng-results>
